0 silly argv { _: [ 'publish' ],
0 silly argv   composed: 'publish',
0 silly argv   lernaVersion: '3.8.0',
0 silly argv   '$0': 'lerna' }
1 notice cli v3.8.0
2 verbose rootPath /Users/jason/Documents/project/react-native-chameleon
3 verbose session a3abbceb88dd3389
4 verbose user-agent lerna/3.8.0/node@v10.14.2+x64 (darwin)
5 info Verifying npm credentials
6 verbose Retrieving npm user profile
7 http fetch GET 200 https://registry.npmjs.org/-/npm/v1/user 2109ms
8 silly npm profile get received {"tfa":false,"name":"xzchameleon","email":"xzjhsy@gmail.com","email_verified":true,"created":"2018-12-25T09:47:56.691Z","updated":"2018-12-25T09:47:56.689Z","cidr_whitelist":null,"fullname":"邢金生"}
9 silly npm whoami received {"username":"xzchameleon"}
10 silly argv { _: [ 'publish' ], composed: 'publish', lernaVersion: '3.8.0' }
11 verbose rootPath /Users/jason/Documents/project/react-native-chameleon
12 info current version 0.0.25
13 silly isAnythingCommitted
14 verbose isAnythingCommitted 1
15 silly currentBranch
16 verbose currentBranch dev
17 silly remoteBranchExists
18 silly isBehindUpstream
19 silly isBehindUpstream dev is behind origin/dev by 0 commit(s) and ahead by 0
20 silly hasTags
21 verbose hasTags true
22 silly git-describe.sync "v0.0.25-1-g3c83854" => {"lastTagName":"v0.0.25","lastVersion":"v0.0.25","refCount":"1","sha":"3c83854","isDirty":false}
23 info Looking for changed packages since v0.0.25
24 silly diffSinceIn v0.0.25 components/button
25 silly diff
26 silly diffSinceIn v0.0.25 components/checkBox
27 silly diff components/checkBox/node_modules/@xzchameleon/touchable
27 silly diff components/checkBox/yarn.lock
28 silly diffSinceIn v0.0.25 components/columnLine
29 silly diff
30 silly diffSinceIn v0.0.25 components/dropdown
31 silly diff components/dropdown/README.md
31 silly diff components/dropdown/__tests__/dropdown.test.js
31 silly diff components/dropdown/lib/dropdown.js
31 silly diff components/dropdown/node_modules/@xzchameleon/modal
31 silly diff components/dropdown/package.json
32 silly diffSinceIn v0.0.25 components/expand
33 silly diff
34 silly diffSinceIn v0.0.25 components/icon
35 silly diff
36 silly diffSinceIn v0.0.25 components/infoInput
37 silly diff
38 silly diffSinceIn v0.0.25 components/input
39 silly diff
40 silly diffSinceIn v0.0.25 components/list
41 silly diff components/list/node_modules/@xzchameleon/rowline
41 silly diff components/list/node_modules/@xzchameleon/touchable
41 silly diff components/list/yarn.lock
42 silly diffSinceIn v0.0.25 components/modal
43 silly diff components/modal/node_modules/@xzchameleon/touchable
43 silly diff components/modal/yarn.lock
44 silly diffSinceIn v0.0.25 components/progress
45 silly diff components/progress/README.md
45 silly diff components/progress/__tests__/progress.test.js
45 silly diff components/progress/lib/component/Arc.js
45 silly diff components/progress/lib/component/Circle.js
45 silly diff components/progress/lib/progress.js
45 silly diff components/progress/node_modules/@xzchameleon/progressbar
45 silly diff components/progress/node_modules/@xzchameleon/progresscircle
45 silly diff components/progress/node_modules/@xzchameleon/progresshalfcircle
45 silly diff components/progress/package.json
46 silly diffSinceIn v0.0.25 components/rotateIcon
47 silly diff
48 silly diffSinceIn v0.0.25 components/rowDashLine
49 silly diff
50 silly diffSinceIn v0.0.25 components/rowLine
51 silly diff
52 silly diffSinceIn v0.0.25 components/searchBar
53 silly diff
54 silly diffSinceIn v0.0.25 components/select
55 silly diff components/select/node_modules/@xzchameleon/modal
55 silly diff components/select/node_modules/@xzchameleon/rowline
55 silly diff components/select/node_modules/@xzchameleon/touchable
55 silly diff components/select/yarn.lock
56 silly diffSinceIn v0.0.25 components/stockText
57 silly diff
58 silly diffSinceIn v0.0.25 components/swiper
59 silly diff
60 silly diffSinceIn v0.0.25 components/switch
61 silly diff
62 silly diffSinceIn v0.0.25 components/touchable
63 silly diff
64 verbose updated @xzchameleon/checkbox
65 verbose updated @xzchameleon/dropdown
66 verbose updated @xzchameleon/list
67 verbose updated @xzchameleon/modal
68 verbose updated @xzchameleon/progress
69 verbose updated @xzchameleon/select
70 verbose git-describe undefined => "v0.0.25-1-g3c83854"
71 silly git-describe parsed => {"lastTagName":"v0.0.25","lastVersion":"v0.0.25","refCount":"1","sha":"3c83854","isDirty":false}
72 silly batched [ PackageGraphNode {
72 silly batched     name: '@xzchameleon/columnline',
72 silly batched     externalDependencies: Map {},
72 silly batched     localDependencies: Map {},
72 silly batched     localDependents: Map {} },
72 silly batched   PackageGraphNode {
72 silly batched     name: '@xzchameleon/dropdown',
72 silly batched     externalDependencies: Map { '@xzchameleon/modal' => [Object] },
72 silly batched     localDependencies: Map {},
72 silly batched     localDependents: Map {} },
72 silly batched   PackageGraphNode {
72 silly batched     name: '@xzchameleon/icon',
72 silly batched     externalDependencies: Map {},
72 silly batched     localDependencies: Map {},
72 silly batched     localDependents:
72 silly batched      Map {
72 silly batched        '@xzchameleon/button' => [PackageGraphNode],
72 silly batched        '@xzchameleon/list' => [PackageGraphNode],
72 silly batched        '@xzchameleon/rotateicon' => [PackageGraphNode],
72 silly batched        '@xzchameleon/select' => [PackageGraphNode] } },
72 silly batched   PackageGraphNode {
72 silly batched     name: '@xzchameleon/infoinput',
72 silly batched     externalDependencies:
72 silly batched      Map {
72 silly batched        '@xzchameleon/icon' => [Object],
72 silly batched        '@xzchameleon/input' => [Object],
72 silly batched        '@xzchameleon/touchable' => [Object] },
72 silly batched     localDependencies: Map {},
72 silly batched     localDependents: Map {} },
72 silly batched   PackageGraphNode {
72 silly batched     name: '@xzchameleon/input',
72 silly batched     externalDependencies: Map {},
72 silly batched     localDependencies: Map {},
72 silly batched     localDependents: Map {} },
72 silly batched   PackageGraphNode {
72 silly batched     name: '@xzchameleon/progress',
72 silly batched     externalDependencies:
72 silly batched      Map {
72 silly batched        '@xzchameleon/progressbar' => [Object],
72 silly batched        '@xzchameleon/progresscircle' => [Object],
72 silly batched        '@xzchameleon/progresshalfcircle' => [Object] },
72 silly batched     localDependencies: Map {},
72 silly batched     localDependents: Map {} },
72 silly batched   PackageGraphNode {
72 silly batched     name: '@xzchameleon/rowdashline',
72 silly batched     externalDependencies: Map {},
72 silly batched     localDependencies: Map {},
72 silly batched     localDependents: Map {} },
72 silly batched   PackageGraphNode {
72 silly batched     name: '@xzchameleon/rowline',
72 silly batched     externalDependencies: Map {},
72 silly batched     localDependencies: Map {},
72 silly batched     localDependents:
72 silly batched      Map {
72 silly batched        '@xzchameleon/list' => [PackageGraphNode],
72 silly batched        '@xzchameleon/select' => [PackageGraphNode] } },
72 silly batched   PackageGraphNode {
72 silly batched     name: '@xzchameleon/stocktext',
72 silly batched     externalDependencies: Map {},
72 silly batched     localDependencies: Map {},
72 silly batched     localDependents: Map {} },
72 silly batched   PackageGraphNode {
72 silly batched     name: '@xzchameleon/swiper',
72 silly batched     externalDependencies: Map { 'react-native-snap-carousel' => [Object] },
72 silly batched     localDependencies: Map {},
72 silly batched     localDependents: Map {} },
72 silly batched   PackageGraphNode {
72 silly batched     name: '@xzchameleon/switch',
72 silly batched     externalDependencies:
72 silly batched      Map { 'prop-types' => [Object], 'react-native-switch' => [Object] },
72 silly batched     localDependencies: Map {},
72 silly batched     localDependents: Map {} },
72 silly batched   PackageGraphNode {
72 silly batched     name: '@xzchameleon/touchable',
72 silly batched     externalDependencies: Map {},
72 silly batched     localDependencies: Map {},
72 silly batched     localDependents:
72 silly batched      Map {
72 silly batched        '@xzchameleon/button' => [PackageGraphNode],
72 silly batched        '@xzchameleon/checkbox' => [PackageGraphNode],
72 silly batched        '@xzchameleon/list' => [PackageGraphNode],
72 silly batched        '@xzchameleon/modal' => [PackageGraphNode],
72 silly batched        '@xzchameleon/rotateicon' => [PackageGraphNode],
72 silly batched        '@xzchameleon/searchbar' => [PackageGraphNode],
72 silly batched        '@xzchameleon/select' => [PackageGraphNode] } } ]
73 silly batched [ PackageGraphNode {
73 silly batched     name: '@xzchameleon/button',
73 silly batched     externalDependencies: Map {},
73 silly batched     localDependencies: Map {},
73 silly batched     localDependents: Map {} },
73 silly batched   PackageGraphNode {
73 silly batched     name: '@xzchameleon/checkbox',
73 silly batched     externalDependencies: Map {},
73 silly batched     localDependencies: Map {},
73 silly batched     localDependents: Map {} },
73 silly batched   PackageGraphNode {
73 silly batched     name: '@xzchameleon/list',
73 silly batched     externalDependencies: Map {},
73 silly batched     localDependencies: Map {},
73 silly batched     localDependents: Map {} },
73 silly batched   PackageGraphNode {
73 silly batched     name: '@xzchameleon/modal',
73 silly batched     externalDependencies: Map {},
73 silly batched     localDependencies: Map {},
73 silly batched     localDependents: Map { '@xzchameleon/select' => [PackageGraphNode] } },
73 silly batched   PackageGraphNode {
73 silly batched     name: '@xzchameleon/rotateicon',
73 silly batched     externalDependencies: Map {},
73 silly batched     localDependencies: Map {},
73 silly batched     localDependents: Map { '@xzchameleon/expand' => [PackageGraphNode] } },
73 silly batched   PackageGraphNode {
73 silly batched     name: '@xzchameleon/searchbar',
73 silly batched     externalDependencies: Map {},
73 silly batched     localDependencies: Map {},
73 silly batched     localDependents: Map {} } ]
74 silly batched [ PackageGraphNode {
74 silly batched     name: '@xzchameleon/expand',
74 silly batched     externalDependencies: Map {},
74 silly batched     localDependencies: Map {},
74 silly batched     localDependents: Map {} },
74 silly batched   PackageGraphNode {
74 silly batched     name: '@xzchameleon/select',
74 silly batched     externalDependencies: Map {},
74 silly batched     localDependencies: Map {},
74 silly batched     localDependents: Map {} } ]
75 silly run-lifecycle No script for "preversion" in "react-native-chameleon", continuing
76 silly run-lifecycle No script for "preversion" in "@xzchameleon/columnline", continuing
77 silly run-lifecycle No script for "preversion" in "@xzchameleon/dropdown", continuing
78 silly run-lifecycle No script for "preversion" in "@xzchameleon/icon", continuing
79 silly run-lifecycle No script for "preversion" in "@xzchameleon/infoinput", continuing
80 silly run-lifecycle No script for "preversion" in "@xzchameleon/input", continuing
81 silly run-lifecycle No script for "preversion" in "@xzchameleon/progress", continuing
82 silly run-lifecycle No script for "preversion" in "@xzchameleon/rowdashline", continuing
83 silly run-lifecycle No script for "preversion" in "@xzchameleon/rowline", continuing
84 silly run-lifecycle No script for "preversion" in "@xzchameleon/stocktext", continuing
85 silly run-lifecycle No script for "preversion" in "@xzchameleon/swiper", continuing
86 silly run-lifecycle No script for "preversion" in "@xzchameleon/switch", continuing
87 silly run-lifecycle No script for "preversion" in "@xzchameleon/touchable", continuing
88 silly run-lifecycle No script for "version" in "@xzchameleon/dropdown", continuing
89 silly run-lifecycle No script for "version" in "@xzchameleon/stocktext", continuing
90 silly run-lifecycle No script for "version" in "@xzchameleon/input", continuing
91 silly run-lifecycle No script for "version" in "@xzchameleon/swiper", continuing
92 silly run-lifecycle No script for "version" in "@xzchameleon/touchable", continuing
93 silly run-lifecycle No script for "version" in "@xzchameleon/switch", continuing
94 silly run-lifecycle No script for "version" in "@xzchameleon/rowline", continuing
95 silly run-lifecycle No script for "version" in "@xzchameleon/columnline", continuing
96 silly run-lifecycle No script for "version" in "@xzchameleon/infoinput", continuing
97 silly run-lifecycle No script for "version" in "@xzchameleon/rowdashline", continuing
98 silly run-lifecycle No script for "version" in "@xzchameleon/progress", continuing
99 silly run-lifecycle No script for "version" in "@xzchameleon/icon", continuing
100 silly run-lifecycle No script for "preversion" in "@xzchameleon/button", continuing
101 silly run-lifecycle No script for "preversion" in "@xzchameleon/checkbox", continuing
102 silly run-lifecycle No script for "preversion" in "@xzchameleon/list", continuing
103 silly run-lifecycle No script for "preversion" in "@xzchameleon/modal", continuing
104 silly run-lifecycle No script for "preversion" in "@xzchameleon/rotateicon", continuing
105 silly run-lifecycle No script for "preversion" in "@xzchameleon/searchbar", continuing
106 silly run-lifecycle No script for "version" in "@xzchameleon/button", continuing
107 silly run-lifecycle No script for "version" in "@xzchameleon/checkbox", continuing
108 silly run-lifecycle No script for "version" in "@xzchameleon/list", continuing
109 silly run-lifecycle No script for "version" in "@xzchameleon/rotateicon", continuing
110 silly run-lifecycle No script for "version" in "@xzchameleon/searchbar", continuing
111 silly run-lifecycle No script for "version" in "@xzchameleon/modal", continuing
112 silly run-lifecycle No script for "preversion" in "@xzchameleon/expand", continuing
113 silly run-lifecycle No script for "preversion" in "@xzchameleon/select", continuing
114 silly run-lifecycle No script for "version" in "@xzchameleon/select", continuing
115 silly run-lifecycle No script for "version" in "@xzchameleon/expand", continuing
116 silly run-lifecycle No script for "version" in "react-native-chameleon", continuing
117 silly gitAdd [ '/Users/jason/Documents/project/react-native-chameleon/components/dropdown/package.json',
117 silly gitAdd   '/Users/jason/Documents/project/react-native-chameleon/components/stockText/package.json',
117 silly gitAdd   '/Users/jason/Documents/project/react-native-chameleon/components/input/package.json',
117 silly gitAdd   '/Users/jason/Documents/project/react-native-chameleon/components/swiper/package.json',
117 silly gitAdd   '/Users/jason/Documents/project/react-native-chameleon/components/touchable/package.json',
117 silly gitAdd   '/Users/jason/Documents/project/react-native-chameleon/components/switch/package.json',
117 silly gitAdd   '/Users/jason/Documents/project/react-native-chameleon/components/rowLine/package.json',
117 silly gitAdd   '/Users/jason/Documents/project/react-native-chameleon/components/columnLine/package.json',
117 silly gitAdd   '/Users/jason/Documents/project/react-native-chameleon/components/infoInput/package.json',
117 silly gitAdd   '/Users/jason/Documents/project/react-native-chameleon/components/rowDashLine/package.json',
117 silly gitAdd   '/Users/jason/Documents/project/react-native-chameleon/components/progress/package.json',
117 silly gitAdd   '/Users/jason/Documents/project/react-native-chameleon/components/icon/package.json',
117 silly gitAdd   '/Users/jason/Documents/project/react-native-chameleon/components/button/package.json',
117 silly gitAdd   '/Users/jason/Documents/project/react-native-chameleon/components/checkBox/package.json',
117 silly gitAdd   '/Users/jason/Documents/project/react-native-chameleon/components/list/package.json',
117 silly gitAdd   '/Users/jason/Documents/project/react-native-chameleon/components/rotateIcon/package.json',
117 silly gitAdd   '/Users/jason/Documents/project/react-native-chameleon/components/searchBar/package.json',
117 silly gitAdd   '/Users/jason/Documents/project/react-native-chameleon/components/modal/package.json',
117 silly gitAdd   '/Users/jason/Documents/project/react-native-chameleon/components/select/package.json',
117 silly gitAdd   '/Users/jason/Documents/project/react-native-chameleon/components/expand/package.json',
117 silly gitAdd   '/Users/jason/Documents/project/react-native-chameleon/lerna.json' ]
118 silly gitCommit v0.0.26
119 verbose git [ 'commit', '-m', 'v0.0.26' ]
120 silly gitTag v0.0.26
121 verbose git [ 'tag', 'v0.0.26', '-m', 'v0.0.26' ]
122 silly run-lifecycle No script for "postversion" in "@xzchameleon/button", continuing
123 silly run-lifecycle No script for "postversion" in "@xzchameleon/checkbox", continuing
124 silly run-lifecycle No script for "postversion" in "@xzchameleon/columnline", continuing
125 silly run-lifecycle No script for "postversion" in "@xzchameleon/dropdown", continuing
126 silly run-lifecycle No script for "postversion" in "@xzchameleon/expand", continuing
127 silly run-lifecycle No script for "postversion" in "@xzchameleon/icon", continuing
128 silly run-lifecycle No script for "postversion" in "@xzchameleon/infoinput", continuing
129 silly run-lifecycle No script for "postversion" in "@xzchameleon/input", continuing
130 silly run-lifecycle No script for "postversion" in "@xzchameleon/list", continuing
131 silly run-lifecycle No script for "postversion" in "@xzchameleon/modal", continuing
132 silly run-lifecycle No script for "postversion" in "@xzchameleon/progress", continuing
133 silly run-lifecycle No script for "postversion" in "@xzchameleon/rotateicon", continuing
134 silly run-lifecycle No script for "postversion" in "@xzchameleon/rowdashline", continuing
135 silly run-lifecycle No script for "postversion" in "@xzchameleon/rowline", continuing
136 silly run-lifecycle No script for "postversion" in "@xzchameleon/searchbar", continuing
137 silly run-lifecycle No script for "postversion" in "@xzchameleon/select", continuing
138 silly run-lifecycle No script for "postversion" in "@xzchameleon/stocktext", continuing
139 silly run-lifecycle No script for "postversion" in "@xzchameleon/swiper", continuing
140 silly run-lifecycle No script for "postversion" in "@xzchameleon/switch", continuing
141 silly run-lifecycle No script for "postversion" in "@xzchameleon/touchable", continuing
142 silly run-lifecycle No script for "postversion" in "react-native-chameleon", continuing
143 info git Pushing tags...
144 silly gitPush origin dev
145 silly batched [ PackageGraphNode {
145 silly batched     name: '@xzchameleon/columnline',
145 silly batched     externalDependencies: Map {},
145 silly batched     localDependencies: Map {},
145 silly batched     localDependents: Map {} },
145 silly batched   PackageGraphNode {
145 silly batched     name: '@xzchameleon/dropdown',
145 silly batched     externalDependencies: Map { '@xzchameleon/modal' => [Object] },
145 silly batched     localDependencies: Map {},
145 silly batched     localDependents: Map {} },
145 silly batched   PackageGraphNode {
145 silly batched     name: '@xzchameleon/icon',
145 silly batched     externalDependencies: Map {},
145 silly batched     localDependencies: Map {},
145 silly batched     localDependents:
145 silly batched      Map {
145 silly batched        '@xzchameleon/button' => [PackageGraphNode],
145 silly batched        '@xzchameleon/list' => [PackageGraphNode],
145 silly batched        '@xzchameleon/rotateicon' => [PackageGraphNode],
145 silly batched        '@xzchameleon/select' => [PackageGraphNode] } },
145 silly batched   PackageGraphNode {
145 silly batched     name: '@xzchameleon/infoinput',
145 silly batched     externalDependencies:
145 silly batched      Map {
145 silly batched        '@xzchameleon/icon' => [Object],
145 silly batched        '@xzchameleon/input' => [Object],
145 silly batched        '@xzchameleon/touchable' => [Object] },
145 silly batched     localDependencies: Map {},
145 silly batched     localDependents: Map {} },
145 silly batched   PackageGraphNode {
145 silly batched     name: '@xzchameleon/input',
145 silly batched     externalDependencies: Map {},
145 silly batched     localDependencies: Map {},
145 silly batched     localDependents: Map {} },
145 silly batched   PackageGraphNode {
145 silly batched     name: '@xzchameleon/progress',
145 silly batched     externalDependencies:
145 silly batched      Map {
145 silly batched        '@xzchameleon/progressbar' => [Object],
145 silly batched        '@xzchameleon/progresscircle' => [Object],
145 silly batched        '@xzchameleon/progresshalfcircle' => [Object] },
145 silly batched     localDependencies: Map {},
145 silly batched     localDependents: Map {} },
145 silly batched   PackageGraphNode {
145 silly batched     name: '@xzchameleon/rowdashline',
145 silly batched     externalDependencies: Map {},
145 silly batched     localDependencies: Map {},
145 silly batched     localDependents: Map {} },
145 silly batched   PackageGraphNode {
145 silly batched     name: '@xzchameleon/rowline',
145 silly batched     externalDependencies: Map {},
145 silly batched     localDependencies: Map {},
145 silly batched     localDependents:
145 silly batched      Map {
145 silly batched        '@xzchameleon/list' => [PackageGraphNode],
145 silly batched        '@xzchameleon/select' => [PackageGraphNode] } },
145 silly batched   PackageGraphNode {
145 silly batched     name: '@xzchameleon/stocktext',
145 silly batched     externalDependencies: Map {},
145 silly batched     localDependencies: Map {},
145 silly batched     localDependents: Map {} },
145 silly batched   PackageGraphNode {
145 silly batched     name: '@xzchameleon/swiper',
145 silly batched     externalDependencies: Map { 'react-native-snap-carousel' => [Object] },
145 silly batched     localDependencies: Map {},
145 silly batched     localDependents: Map {} },
145 silly batched   PackageGraphNode {
145 silly batched     name: '@xzchameleon/switch',
145 silly batched     externalDependencies:
145 silly batched      Map { 'prop-types' => [Object], 'react-native-switch' => [Object] },
145 silly batched     localDependencies: Map {},
145 silly batched     localDependents: Map {} },
145 silly batched   PackageGraphNode {
145 silly batched     name: '@xzchameleon/touchable',
145 silly batched     externalDependencies: Map {},
145 silly batched     localDependencies: Map {},
145 silly batched     localDependents:
145 silly batched      Map {
145 silly batched        '@xzchameleon/button' => [PackageGraphNode],
145 silly batched        '@xzchameleon/checkbox' => [PackageGraphNode],
145 silly batched        '@xzchameleon/list' => [PackageGraphNode],
145 silly batched        '@xzchameleon/modal' => [PackageGraphNode],
145 silly batched        '@xzchameleon/rotateicon' => [PackageGraphNode],
145 silly batched        '@xzchameleon/searchbar' => [PackageGraphNode],
145 silly batched        '@xzchameleon/select' => [PackageGraphNode] } } ]
146 silly batched [ PackageGraphNode {
146 silly batched     name: '@xzchameleon/button',
146 silly batched     externalDependencies: Map {},
146 silly batched     localDependencies: Map {},
146 silly batched     localDependents: Map {} },
146 silly batched   PackageGraphNode {
146 silly batched     name: '@xzchameleon/checkbox',
146 silly batched     externalDependencies: Map {},
146 silly batched     localDependencies: Map {},
146 silly batched     localDependents: Map {} },
146 silly batched   PackageGraphNode {
146 silly batched     name: '@xzchameleon/list',
146 silly batched     externalDependencies: Map {},
146 silly batched     localDependencies: Map {},
146 silly batched     localDependents: Map {} },
146 silly batched   PackageGraphNode {
146 silly batched     name: '@xzchameleon/modal',
146 silly batched     externalDependencies: Map {},
146 silly batched     localDependencies: Map {},
146 silly batched     localDependents: Map { '@xzchameleon/select' => [PackageGraphNode] } },
146 silly batched   PackageGraphNode {
146 silly batched     name: '@xzchameleon/rotateicon',
146 silly batched     externalDependencies: Map {},
146 silly batched     localDependencies: Map {},
146 silly batched     localDependents: Map { '@xzchameleon/expand' => [PackageGraphNode] } },
146 silly batched   PackageGraphNode {
146 silly batched     name: '@xzchameleon/searchbar',
146 silly batched     externalDependencies: Map {},
146 silly batched     localDependencies: Map {},
146 silly batched     localDependents: Map {} } ]
147 silly batched [ PackageGraphNode {
147 silly batched     name: '@xzchameleon/expand',
147 silly batched     externalDependencies: Map {},
147 silly batched     localDependencies: Map {},
147 silly batched     localDependents: Map {} },
147 silly batched   PackageGraphNode {
147 silly batched     name: '@xzchameleon/select',
147 silly batched     externalDependencies: Map {},
147 silly batched     localDependencies: Map {},
147 silly batched     localDependents: Map {} } ]
148 info publish Publishing packages to npm...
149 silly verifyNpmPackageAccess
150 http fetch GET 200 https://registry.npmjs.org/-/org/xzchameleon/package?format=cli 1593ms
151 warn ENOLICENSE Packages @xzchameleon/button, @xzchameleon/checkbox, @xzchameleon/columnline, @xzchameleon/dropdown, @xzchameleon/expand, @xzchameleon/icon, @xzchameleon/infoinput, @xzchameleon/input, @xzchameleon/list, @xzchameleon/modal, @xzchameleon/progress, @xzchameleon/rotateicon, @xzchameleon/rowdashline, @xzchameleon/rowline, @xzchameleon/searchbar, @xzchameleon/select, @xzchameleon/stocktext, @xzchameleon/swiper, @xzchameleon/switch, @xzchameleon/touchable are missing a license
152 silly getCurrentSHA
153 verbose getCurrentSHA 7d88e37cd59320953ee4e0d926e0cf79cb9b83e9
154 silly run-lifecycle No script for "prepare" in "react-native-chameleon", continuing
155 silly run-lifecycle No script for "prepublishOnly" in "react-native-chameleon", continuing
156 silly run-lifecycle No script for "prepack" in "react-native-chameleon", continuing
157 verbose pack-directory components/columnLine
158 verbose pack-directory components/dropdown
159 verbose pack-directory components/icon
160 verbose pack-directory components/infoInput
161 verbose pack-directory components/input
162 verbose pack-directory components/progress
163 verbose pack-directory components/rowDashLine
164 verbose pack-directory components/rowLine
165 verbose pack-directory components/stockText
166 verbose pack-directory components/swiper
167 silly run-lifecycle No script for "prepublish" in "@xzchameleon/columnline", continuing
168 silly run-lifecycle No script for "prepublish" in "@xzchameleon/dropdown", continuing
169 silly run-lifecycle No script for "prepublish" in "@xzchameleon/icon", continuing
170 silly run-lifecycle No script for "prepublish" in "@xzchameleon/infoinput", continuing
171 silly run-lifecycle No script for "prepublish" in "@xzchameleon/input", continuing
172 silly run-lifecycle No script for "prepublish" in "@xzchameleon/progress", continuing
173 silly run-lifecycle No script for "prepublish" in "@xzchameleon/rowdashline", continuing
174 silly run-lifecycle No script for "prepublish" in "@xzchameleon/rowline", continuing
175 silly run-lifecycle No script for "prepublish" in "@xzchameleon/stocktext", continuing
176 silly run-lifecycle No script for "prepublish" in "@xzchameleon/swiper", continuing
177 silly run-lifecycle No script for "prepare" in "@xzchameleon/columnline", continuing
178 silly run-lifecycle No script for "prepare" in "@xzchameleon/dropdown", continuing
179 silly run-lifecycle No script for "prepare" in "@xzchameleon/icon", continuing
180 silly run-lifecycle No script for "prepare" in "@xzchameleon/infoinput", continuing
181 silly run-lifecycle No script for "prepare" in "@xzchameleon/input", continuing
182 silly run-lifecycle No script for "prepare" in "@xzchameleon/progress", continuing
183 silly run-lifecycle No script for "prepare" in "@xzchameleon/rowdashline", continuing
184 silly run-lifecycle No script for "prepare" in "@xzchameleon/rowline", continuing
185 silly run-lifecycle No script for "prepare" in "@xzchameleon/stocktext", continuing
186 silly run-lifecycle No script for "prepare" in "@xzchameleon/swiper", continuing
187 silly run-lifecycle No script for "prepublishOnly" in "@xzchameleon/dropdown", continuing
188 silly run-lifecycle No script for "prepublishOnly" in "@xzchameleon/icon", continuing
189 silly run-lifecycle No script for "prepublishOnly" in "@xzchameleon/columnline", continuing
190 silly run-lifecycle No script for "prepublishOnly" in "@xzchameleon/infoinput", continuing
191 silly run-lifecycle No script for "prepublishOnly" in "@xzchameleon/input", continuing
192 silly run-lifecycle No script for "prepublishOnly" in "@xzchameleon/progress", continuing
193 silly run-lifecycle No script for "prepublishOnly" in "@xzchameleon/rowline", continuing
194 silly run-lifecycle No script for "prepublishOnly" in "@xzchameleon/rowdashline", continuing
195 silly run-lifecycle No script for "prepublishOnly" in "@xzchameleon/stocktext", continuing
196 silly run-lifecycle No script for "prepublishOnly" in "@xzchameleon/swiper", continuing
197 silly run-lifecycle No script for "prepack" in "@xzchameleon/icon", continuing
198 silly run-lifecycle No script for "prepack" in "@xzchameleon/columnline", continuing
199 silly run-lifecycle No script for "prepack" in "@xzchameleon/infoinput", continuing
200 silly run-lifecycle No script for "prepack" in "@xzchameleon/input", continuing
201 silly run-lifecycle No script for "prepack" in "@xzchameleon/dropdown", continuing
202 silly run-lifecycle No script for "prepack" in "@xzchameleon/progress", continuing
203 silly run-lifecycle No script for "prepack" in "@xzchameleon/rowline", continuing
204 silly run-lifecycle No script for "prepack" in "@xzchameleon/rowdashline", continuing
205 silly run-lifecycle No script for "prepack" in "@xzchameleon/stocktext", continuing
206 silly run-lifecycle No script for "prepack" in "@xzchameleon/swiper", continuing
207 silly run-lifecycle No script for "postpack" in "@xzchameleon/input", continuing
208 silly run-lifecycle No script for "postpack" in "@xzchameleon/infoinput", continuing
209 silly run-lifecycle No script for "postpack" in "@xzchameleon/columnline", continuing
210 silly run-lifecycle No script for "postpack" in "@xzchameleon/dropdown", continuing
211 silly run-lifecycle No script for "postpack" in "@xzchameleon/rowline", continuing
212 silly run-lifecycle No script for "postpack" in "@xzchameleon/rowdashline", continuing
213 silly run-lifecycle No script for "postpack" in "@xzchameleon/stocktext", continuing
214 silly run-lifecycle No script for "postpack" in "@xzchameleon/swiper", continuing
215 silly run-lifecycle No script for "postpack" in "@xzchameleon/icon", continuing
216 verbose pack-directory components/switch
217 silly run-lifecycle No script for "prepublish" in "@xzchameleon/switch", continuing
218 silly run-lifecycle No script for "prepare" in "@xzchameleon/switch", continuing
219 verbose pack-directory components/touchable
220 silly run-lifecycle No script for "prepublish" in "@xzchameleon/touchable", continuing
221 silly run-lifecycle No script for "prepare" in "@xzchameleon/touchable", continuing
222 silly run-lifecycle No script for "postpack" in "@xzchameleon/progress", continuing
223 silly run-lifecycle No script for "prepublishOnly" in "@xzchameleon/switch", continuing
224 silly run-lifecycle No script for "prepublishOnly" in "@xzchameleon/touchable", continuing
225 silly run-lifecycle No script for "prepack" in "@xzchameleon/switch", continuing
226 silly run-lifecycle No script for "prepack" in "@xzchameleon/touchable", continuing
227 silly run-lifecycle No script for "postpack" in "@xzchameleon/switch", continuing
228 silly run-lifecycle No script for "postpack" in "@xzchameleon/touchable", continuing
229 verbose pack-directory components/button
230 verbose pack-directory components/checkBox
231 verbose pack-directory components/list
232 verbose pack-directory components/modal
233 verbose pack-directory components/rotateIcon
234 verbose pack-directory components/searchBar
235 silly run-lifecycle No script for "prepublish" in "@xzchameleon/button", continuing
236 silly run-lifecycle No script for "prepublish" in "@xzchameleon/checkbox", continuing
237 silly run-lifecycle No script for "prepublish" in "@xzchameleon/list", continuing
238 silly run-lifecycle No script for "prepublish" in "@xzchameleon/modal", continuing
239 silly run-lifecycle No script for "prepublish" in "@xzchameleon/rotateicon", continuing
240 silly run-lifecycle No script for "prepublish" in "@xzchameleon/searchbar", continuing
241 silly run-lifecycle No script for "prepare" in "@xzchameleon/button", continuing
242 silly run-lifecycle No script for "prepare" in "@xzchameleon/checkbox", continuing
243 silly run-lifecycle No script for "prepare" in "@xzchameleon/list", continuing
244 silly run-lifecycle No script for "prepare" in "@xzchameleon/modal", continuing
245 silly run-lifecycle No script for "prepare" in "@xzchameleon/rotateicon", continuing
246 silly run-lifecycle No script for "prepare" in "@xzchameleon/searchbar", continuing
247 silly run-lifecycle No script for "prepublishOnly" in "@xzchameleon/button", continuing
248 silly run-lifecycle No script for "prepublishOnly" in "@xzchameleon/modal", continuing
249 silly run-lifecycle No script for "prepublishOnly" in "@xzchameleon/checkbox", continuing
250 silly run-lifecycle No script for "prepublishOnly" in "@xzchameleon/list", continuing
251 silly run-lifecycle No script for "prepublishOnly" in "@xzchameleon/rotateicon", continuing
252 silly run-lifecycle No script for "prepublishOnly" in "@xzchameleon/searchbar", continuing
253 silly run-lifecycle No script for "prepack" in "@xzchameleon/button", continuing
254 silly run-lifecycle No script for "prepack" in "@xzchameleon/modal", continuing
255 silly run-lifecycle No script for "prepack" in "@xzchameleon/checkbox", continuing
256 silly run-lifecycle No script for "prepack" in "@xzchameleon/list", continuing
257 silly run-lifecycle No script for "prepack" in "@xzchameleon/rotateicon", continuing
258 silly run-lifecycle No script for "prepack" in "@xzchameleon/searchbar", continuing
259 silly run-lifecycle No script for "postpack" in "@xzchameleon/button", continuing
260 silly run-lifecycle No script for "postpack" in "@xzchameleon/modal", continuing
261 silly run-lifecycle No script for "postpack" in "@xzchameleon/rotateicon", continuing
262 silly run-lifecycle No script for "postpack" in "@xzchameleon/list", continuing
263 silly run-lifecycle No script for "postpack" in "@xzchameleon/checkbox", continuing
264 silly run-lifecycle No script for "postpack" in "@xzchameleon/searchbar", continuing
265 verbose pack-directory components/expand
266 verbose pack-directory components/select
267 silly run-lifecycle No script for "prepublish" in "@xzchameleon/expand", continuing
268 silly run-lifecycle No script for "prepublish" in "@xzchameleon/select", continuing
269 silly run-lifecycle No script for "prepare" in "@xzchameleon/expand", continuing
270 silly run-lifecycle No script for "prepare" in "@xzchameleon/select", continuing
271 silly run-lifecycle No script for "prepublishOnly" in "@xzchameleon/expand", continuing
272 silly run-lifecycle No script for "prepublishOnly" in "@xzchameleon/select", continuing
273 silly run-lifecycle No script for "prepack" in "@xzchameleon/expand", continuing
274 silly run-lifecycle No script for "prepack" in "@xzchameleon/select", continuing
275 silly run-lifecycle No script for "postpack" in "@xzchameleon/expand", continuing
276 silly run-lifecycle No script for "postpack" in "@xzchameleon/select", continuing
277 silly run-lifecycle No script for "postpack" in "react-native-chameleon", continuing
278 verbose publish @xzchameleon/columnline
279 verbose publish @xzchameleon/dropdown
280 verbose publish @xzchameleon/icon
281 verbose publish @xzchameleon/infoinput
282 http fetch PUT 402 http://registry.npmjs.org/@xzchameleon%2fdropdown 827ms
283 error Error: 402 Payment Required - PUT http://registry.npmjs.org/@xzchameleon%2fdropdown - You must sign up for private packages
283 error     at res.buffer.catch.then.body (/usr/local/lib/node_modules/lerna/node_modules/npm-registry-fetch/check-response.js:104:15)
